[0807/191331.831:ERROR:process_reader_win.cc(151)] SuspendThread: Access is denied. (0x5)
[0807/191331.811:ERROR:process_reader_win.cc(151)] SuspendThread: Access is denied. (0x5)
[0807/191331.835:ERROR:process_reader_win.cc(151)] SuspendThread: Access is denied. (0x5)
[0807/191331.835:ERROR:process_reader_win.cc(151)] SuspendThread: Access is denied. (0x5)
[0807/191331.835:ERROR:process_reader_win.cc(151)] SuspendThread: Access is denied. (0x5)
[0807/191331.835:ERROR:process_reader_win.cc(151)] SuspendThread: Access is denied. (0x5)
[0807/191331.835:ERROR:process_reader_win.cc(123)] NtOpenThread: {Access Denied} A process has requested access to an object, but has not been granted those access rights. (0xc0000022)
[0807/191331.864:ERROR:exception_snapshot_win.cc(98)] thread ID 8752 not found in process
[0808/212333.514:ERROR:process_info.cc(118)] ReadProcessMemory bool __cdecl crashpad::(anonymous namespace)::ReadStruct(HANDLE, crashpad::WinVMAddress, T *) [T = crashpad::process_types::PEB<crashpad::process_types::internal::Traits64>]: Only part of a ReadProcessMemory or WriteProcessMemory request was completed. (0x12B)
[0808/212333.561:ERROR:process_info.cc(551)] ReadProcessData failed
[0808/212333.495:ERROR:process_reader_win.cc(123)] NtOpenThread: {Access Denied} A process has requested access to an object, but has not been granted those access rights. (0xc0000022)
[0808/212333.538:ERROR:process_reader_win.cc(123)] NtOpenThread: {Access Denied} A process has requested access to an object, but has not been granted those access rights. (0xc0000022)
[0808/212333.575:ERROR:exception_snapshot_win.cc(98)] thread ID 18448 not found in process
[0808/212333.575:ERROR:exception_snapshot_win.cc(98)] thread ID 20012 not found in process
[0808/212333.561:ERROR:scoped_process_suspend.cc(40)] NtResumeProcess: An attempt was made to access an exiting process. (0xc000010a)
[0808/225827.430:ERROR:process_reader_win.cc(151)] SuspendThread: Access is denied. (0x5)
[0808/225827.465:ERROR:process_reader_win.cc(123)] NtOpenThread: {Access Denied} A process has requested access to an object, but has not been granted those access rights. (0xc0000022)
[0808/225827.468:ERROR:process_reader_win.cc(123)] NtOpenThread: {Access Denied} A process has requested access to an object, but has not been granted those access rights. (0xc0000022)
[0808/225827.487:ERROR:exception_snapshot_win.cc(98)] thread ID 3076 not found in process
[0808/225827.487:ERROR:process_reader_win.cc(123)] NtOpenThread: An invalid Client ID was specified. (0xc000000b)
[0808/225827.487:ERROR:exception_snapshot_win.cc(98)] thread ID 13460 not found in process
[0808/225827.487:ERROR:exception_snapshot_win.cc(98)] thread ID 2936 not found in process
[0808/230258.147:ERROR:process_reader_win.cc(151)] SuspendThread: Access is denied. (0x5)
[0808/230258.148:ERROR:process_reader_win.cc(151)] SuspendThread: Access is denied. (0x5)
[0808/230258.154:ERROR:process_reader_win.cc(151)] SuspendThread: Access is denied. (0x5)
[0808/230258.160:ERROR:process_reader_win.cc(151)] SuspendThread: Access is denied. (0x5)
[0808/230258.160:ERROR:process_reader_win.cc(151)] SuspendThread: Access is denied. (0x5)
[0808/230258.160:ERROR:process_reader_win.cc(151)] SuspendThread: Access is denied. (0x5)
[0808/230258.160:ERROR:process_reader_win.cc(151)] SuspendThread: Access is denied. (0x5)
[0808/230258.233:ERROR:process_memory_win.cc(73)] ReadMemory at 0x7ff7048c0000 of 64 bytes failed: Only part of a ReadProcessMemory or WriteProcessMemory request was completed. (0x12B)
[0808/230258.234:WARNING:pe_image_reader.cc(340)] could not read dos header from C:\Program Files (x86)\Google\Chrome\Application\chrome.exe
[0808/230258.234:ERROR:process_memory_win.cc(73)] ReadMemory at 0x7fffac000000 of 64 bytes failed: Only part of a ReadProcessMemory or WriteProcessMemory request was completed. (0x12B)
[0808/230258.234:WARNING:pe_image_reader.cc(340)] could not read dos header from C:\WINDOWS\SYSTEM32\ntdll.dll
[0808/230258.234:ERROR:process_memory_win.cc(73)] ReadMemory at 0x7fffaaa30000 of 64 bytes failed: Only part of a ReadProcessMemory or WriteProcessMemory request was completed. (0x12B)
[0808/230258.234:WARNING:pe_image_reader.cc(340)] could not read dos header from C:\WINDOWS\System32\KERNEL32.DLL
[0808/230258.234:ERROR:process_memory_win.cc(73)] ReadMemory at 0x7fffa93f0000 of 64 bytes failed: Only part of a ReadProcessMemory or WriteProcessMemory request was completed. (0x12B)
[0808/230258.234:WARNING:pe_image_reader.cc(340)] could not read dos header from C:\WINDOWS\System32\KERNELBASE.dll
[0808/230258.234:ERROR:process_memory_win.cc(73)] ReadMemory at 0x7fff9e610000 of 64 bytes failed: Only part of a ReadProcessMemory or WriteProcessMemory request was completed. (0x12B)
[0808/230258.234:WARNING:pe_image_reader.cc(340)] could not read dos header from C:\Program Files (x86)\Google\Chrome\Application\84.0.4147.105\chrome_elf.dll
[0808/230258.234:ERROR:process_memory_win.cc(73)] ReadMemory at 0x7fffa4290000 of 64 bytes failed: Only part of a ReadProcessMemory or WriteProcessMemory request was completed. (0x12B)
[0808/230258.234:WARNING:pe_image_reader.cc(340)] could not read dos header from C:\WINDOWS\SYSTEM32\VERSION.dll
[0808/230258.234:ERROR:process_memory_win.cc(73)] ReadMemory at 0x7fffaa6d0000 of 64 bytes failed: Only part of a ReadProcessMemory or WriteProcessMemory request was completed. (0x12B)
[0808/230258.234:WARNING:pe_image_reader.cc(340)] could not read dos header from C:\WINDOWS\System32\msvcrt.dll
[0808/230258.234:ERROR:process_memory_win.cc(73)] ReadMemory at 0x7fffa8f80000 of 64 bytes failed: Only part of a ReadProcessMemory or WriteProcessMemory request was completed. (0x12B)
[0808/230258.234:WARNING:pe_image_reader.cc(340)] could not read dos header from C:\WINDOWS\System32\bcryptPrimitives.dll
[0808/230258.234:ERROR:process_memory_win.cc(73)] ReadMemory at 0x7fffaa890000 of 64 bytes failed: Only part of a ReadProcessMemory or WriteProcessMemory request was completed. (0x12B)
[0808/230258.234:WARNING:pe_image_reader.cc(340)] could not read dos header from C:\WINDOWS\System32\ADVAPI32.dll
[0808/230258.234:ERROR:process_memory_win.cc(73)] ReadMemory at 0x7fffab1a0000 of 64 bytes failed: Only part of a ReadProcessMemory or WriteProcessMemory request was completed. (0x12B)
[0808/230258.234:WARNING:pe_image_reader.cc(340)] could not read dos header from C:\WINDOWS\System32\sechost.dll
[0808/230258.234:ERROR:process_memory_win.cc(73)] ReadMemory at 0x7fffaa770000 of 64 bytes failed: Only part of a ReadProcessMemory or WriteProcessMemory request was completed. (0x12B)
[0808/230258.234:WARNING:pe_image_reader.cc(340)] could not read dos header from C:\WINDOWS\System32\RPCRT4.dll
[0808/230258.234:ERROR:process_memory_win.cc(73)] ReadMemory at 0x7fff5c100000 of 64 bytes failed: Only part of a ReadProcessMemory or WriteProcessMemory request was completed. (0x12B)
[0808/230258.234:WARNING:pe_image_reader.cc(340)] could not read dos header from C:\Program Files (x86)\Google\Chrome\Application\84.0.4147.105\chrome.dll
[0808/230258.235:ERROR:process_memory_win.cc(73)] ReadMemory at 0x7fffabd40000 of 64 bytes failed: Only part of a ReadProcessMemory or WriteProcessMemory request was completed. (0x12B)
[0808/230258.235:WARNING:pe_image_reader.cc(340)] could not read dos header from C:\WINDOWS\System32\WS2_32.dll
[0808/230258.235:ERROR:process_memory_win.cc(73)] ReadMemory at 0x7fffaa940000 of 64 bytes failed: Only part of a ReadProcessMemory or WriteProcessMemory request was completed. (0x12B)
[0808/230258.235:WARNING:pe_image_reader.cc(340)] could not read dos header from C:\WINDOWS\System32\OLEAUT32.dll
[0808/230258.235:ERROR:process_memory_win.cc(73)] ReadMemory at 0x7fffa9ec0000 of 64 bytes failed: Only part of a ReadProcessMemory or WriteProcessMemory request was completed. (0x12B)
[0808/230258.235:WARNING:pe_image_reader.cc(340)] could not read dos header from C:\WINDOWS\System32\msvcp_win.dll
[0808/230258.235:ERROR:process_memory_win.cc(73)] ReadMemory at 0x7fffa9000000 of 64 bytes failed: Only part of a ReadProcessMemory or WriteProcessMemory request was completed. (0x12B)
[0808/230258.235:WARNING:pe_image_reader.cc(340)] could not read dos header from C:\WINDOWS\System32\ucrtbase.dll
[0808/230258.235:ERROR:process_memory_win.cc(73)] ReadMemory at 0x7fffab2a0000 of 64 bytes failed: Only part of a ReadProcessMemory or WriteProcessMemory request was completed. (0x12B)
[0808/230258.235:WARNING:pe_image_reader.cc(340)] could not read dos header from C:\WINDOWS\System32\combase.dll
[0808/230258.235:ERROR:process_memory_win.cc(73)] ReadMemory at 0x7fffa96a0000 of 64 bytes failed: Only part of a ReadProcessMemory or WriteProcessMemory request was completed. (0x12B)
[0808/230258.235:WARNING:pe_image_reader.cc(340)] could not read dos header from C:\WINDOWS\System32\WINTRUST.dll
[0808/230258.235:ERROR:process_memory_win.cc(73)] ReadMemory at 0x7fffa8f30000 of 64 bytes failed: Only part of a ReadProcessMemory or WriteProcessMemory request was completed. (0x12B)
[0808/230258.235:WARNING:pe_image_reader.cc(340)] could not read dos header from C:\WINDOWS\System32\MSASN1.dll
[0808/230258.235:ERROR:process_memory_win.cc(73)] ReadMemory at 0x7fffa9f60000 of 64 bytes failed: Only part of a ReadProcessMemory or WriteProcessMemory request was completed. (0x12B)
[0808/230258.235:WARNING:pe_image_reader.cc(340)] could not read dos header from C:\WINDOWS\System32\CRYPT32.dll
[0808/230258.235:ERROR:process_memory_win.cc(73)] ReadMemory at 0x7fffa83c0000 of 64 bytes failed: Only part of a ReadProcessMemory or WriteProcessMemory request was completed. (0x12B)
[0808/230258.235:WARNING:pe_image_reader.cc(340)] could not read dos header from C:\WINDOWS\SYSTEM32\IPHLPAPI.DLL
[0808/230258.236:ERROR:process_memory_win.cc(73)] ReadMemory at 0x7fffa6be0000 of 64 bytes failed: Only part of a ReadProcessMemory or WriteProcessMemory request was completed. (0x12B)
[0808/230258.236:WARNING:pe_image_reader.cc(340)] could not read dos header from C:\WINDOWS\SYSTEM32\WINMM.dll
[0808/230258.236:ERROR:process_memory_win.cc(73)] ReadMemory at 0x7fff965a0000 of 64 bytes failed: Only part of a ReadProcessMemory or WriteProcessMemory request was completed. (0x12B)
[0808/230258.236:WARNING:pe_image_reader.cc(340)] could not read dos header from C:\WINDOWS\SYSTEM32\Secur32.dll
[0808/230258.236:ERROR:process_memory_win.cc(73)] ReadMemory at 0x7fffa8da0000 of 64 bytes failed: Only part of a ReadProcessMemory or WriteProcessMemory request was completed. (0x12B)
[0808/230258.236:WARNING:pe_image_reader.cc(340)] could not read dos header from C:\WINDOWS\SYSTEM32\USERENV.dll
[0808/230258.236:ERROR:process_memory_win.cc(73)] ReadMemory at 0x7fffa8f50000 of 64 bytes failed: Only part of a ReadProcessMemory or WriteProcessMemory request was completed. (0x12B)
[0808/230258.236:WARNING:pe_image_reader.cc(340)] could not read dos header from C:\WINDOWS\System32\profapi.dll
[0808/230258.236:ERROR:process_memory_win.cc(73)] ReadMemory at 0x7fff86130000 of 64 bytes failed: Only part of a ReadProcessMemory or WriteProcessMemory request was completed. (0x12B)
[0808/230258.236:WARNING:pe_image_reader.cc(340)] could not read dos header from C:\WINDOWS\SYSTEM32\UIAutomationCore.DLL
[0808/230258.236:ERROR:process_memory_win.cc(73)] ReadMemory at 0x7fff90e10000 of 64 bytes failed: Only part of a ReadProcessMemory or WriteProcessMemory request was completed. (0x12B)
[0808/230258.236:WARNING:pe_image_reader.cc(340)] could not read dos header from C:\WINDOWS\SYSTEM32\DWrite.dll
[0808/230258.236:ERROR:process_memory_win.cc(73)] ReadMemory at 0x7fff95ea0000 of 64 bytes failed: Only part of a ReadProcessMemory or WriteProcessMemory request was completed. (0x12B)
[0808/230258.236:WARNING:pe_image_reader.cc(340)] could not read dos header from C:\WINDOWS\SYSTEM32\WINSPOOL.DRV
[0808/230258.236:ERROR:process_memory_win.cc(73)] ReadMemory at 0x7fffa8ec0000 of 64 bytes failed: Only part of a ReadProcessMemory or WriteProcessMemory request was completed. (0x12B)
[0808/230258.236:WARNING:pe_image_reader.cc(340)] could not read dos header from C:\WINDOWS\System32\kernel.appcore.dll
[0808/230258.236:ERROR:process_memory_win.cc(73)] ReadMemory at 0x7fffa9700000 of 64 bytes failed: Only part of a ReadProcessMemory or WriteProcessMemory request was completed. (0x12B)
[0808/230258.236:WARNING:pe_image_reader.cc(340)] could not read dos header from C:\WINDOWS\System32\bcrypt.dll
[0808/230258.236:ERROR:process_memory_win.cc(73)] ReadMemory at 0x7fffa7780000 of 64 bytes failed: Only part of a ReadProcessMemory or WriteProcessMemory request was completed. (0x12B)
[0808/230258.236:WARNING:pe_image_reader.cc(340)] could not read dos header from C:\WINDOWS\SYSTEM32\dbghelp.dll
[0808/230258.236:ERROR:process_memory_win.cc(73)] ReadMemory at 0x7fffa1fc0000 of 64 bytes failed: Only part of a ReadProcessMemory or WriteProcessMemory request was completed. (0x12B)
[0808/230258.236:WARNING:pe_image_reader.cc(340)] could not read dos header from C:\WINDOWS\SYSTEM32\WINHTTP.dll
[0808/230258.236:ERROR:process_memory_win.cc(73)] ReadMemory at 0x7fffa20f0000 of 64 bytes failed: Only part of a ReadProcessMemory or WriteProcessMemory request was completed. (0x12B)
[0808/230258.236:WARNING:pe_image_reader.cc(340)] could not read dos header from C:\WINDOWS\SYSTEM32\dhcpcsvc.DLL
[0808/230258.236:ERROR:process_memory_win.cc(73)] ReadMemory at 0x7fffab190000 of 64 bytes failed: Only part of a ReadProcessMemory or WriteProcessMemory request was completed. (0x12B)
[0808/230258.237:WARNING:pe_image_reader.cc(340)] could not read dos header from C:\WINDOWS\System32\NSI.dll
[0808/230258.237:ERROR:process_memory_win.cc(73)] ReadMemory at 0x7fffa6bb0000 of 64 bytes failed: Only part of a ReadProcessMemory or WriteProcessMemory request was completed. (0x12B)
[0808/230258.237:WARNING:pe_image_reader.cc(340)] could not read dos header from C:\WINDOWS\SYSTEM32\WINMMBASE.dll
[0808/230258.237:ERROR:process_memory_win.cc(73)] ReadMemory at 0x7fffa9130000 of 64 bytes failed: Only part of a ReadProcessMemory or WriteProcessMemory request was completed. (0x12B)
[0808/230258.237:WARNING:pe_image_reader.cc(340)] could not read dos header from C:\WINDOWS\System32\cfgmgr32.dll
[0808/230258.237:ERROR:process_memory_win.cc(73)] ReadMemory at 0x7fffa7980000 of 64 bytes failed: Only part of a ReadProcessMemory or WriteProcessMemory request was completed. (0x12B)
[0808/230258.237:WARNING:pe_image_reader.cc(340)] could not read dos header from C:\WINDOWS\SYSTEM32\PROPSYS.dll
[0808/230258.237:ERROR:process_memory_win.cc(73)] ReadMemory at 0x7fffaa620000 of 64 bytes failed: Only part of a ReadProcessMemory or WriteProcessMemory request was completed. (0x12B)
[0808/230258.237:WARNING:pe_image_reader.cc(340)] could not read dos header from C:\WINDOWS\System32\shcore.dll
[0808/230258.237:ERROR:process_memory_win.cc(73)] ReadMemory at 0x7fffa8dd0000 of 64 bytes failed: Only part of a ReadProcessMemory or WriteProcessMemory request was completed. (0x12B)
[0808/230258.237:WARNING:pe_image_reader.cc(340)] could not read dos header from C:\WINDOWS\SYSTEM32\SSPICLI.DLL
[0808/230258.237:ERROR:process_memory_win.cc(73)] ReadMemory at 0x7fffab5f0000 of 64 bytes failed: Only part of a ReadProcessMemory or WriteProcessMemory request was completed. (0x12B)
[0808/230258.237:WARNING:pe_image_reader.cc(340)] could not read dos header from C:\WINDOWS\System32\SHELL32.dll
[0808/230258.237:ERROR:process_memory_win.cc(73)] ReadMemory at 0x7fffa9730000 of 64 bytes failed: Only part of a ReadProcessMemory or WriteProcessMemory request was completed. (0x12B)
[0808/230258.237:WARNING:pe_image_reader.cc(340)] could not read dos header from C:\WINDOWS\System32\windows.storage.dll
[0808/230258.237:ERROR:process_memory_win.cc(73)] ReadMemory at 0x7fffa8ee0000 of 64 bytes failed: Only part of a ReadProcessMemory or WriteProcessMemory request was completed. (0x12B)
[0808/230258.237:WARNING:pe_image_reader.cc(340)] could not read dos header from C:\WINDOWS\System32\powrprof.dll
[0808/230258.237:ERROR:process_memory_win.cc(73)] ReadMemory at 0x7fffa8eb0000 of 64 bytes failed: Only part of a ReadProcessMemory or WriteProcessMemory request was completed. (0x12B)
[0808/230258.237:WARNING:pe_image_reader.cc(340)] could not read dos header from C:\WINDOWS\System32\UMPDC.dll
[0808/230258.237:ERROR:process_memory_win.cc(73)] ReadMemory at 0x7fffabce0000 of 64 bytes failed: Only part of a ReadProcessMemory or WriteProcessMemory request was completed. (0x12B)
[0808/230258.237:WARNING:pe_image_reader.cc(340)] could not read dos header from C:\WINDOWS\System32\shlwapi.dll
[0808/230258.237:ERROR:process_memory_win.cc(73)] ReadMemory at 0x7fffaa180000 of 64 bytes failed: Only part of a ReadProcessMemory or WriteProcessMemory request was completed. (0x12B)
[0808/230258.237:WARNING:pe_image_reader.cc(340)] could not read dos header from C:\WINDOWS\System32\GDI32.dll
[0808/230258.237:ERROR:process_memory_win.cc(73)] ReadMemory at 0x7fffa9100000 of 64 bytes failed: Only part of a ReadProcessMemory or WriteProcessMemory request was completed. (0x12B)
[0808/230258.237:WARNING:pe_image_reader.cc(340)] could not read dos header from C:\WINDOWS\System32\win32u.dll
[0808/230258.238:ERROR:process_memory_win.cc(73)] ReadMemory at 0x7fffa9230000 of 64 bytes failed: Only part of a ReadProcessMemory or WriteProcessMemory request was completed. (0x12B)
[0808/230258.238:WARNING:pe_image_reader.cc(340)] could not read dos header from C:\WINDOWS\System32\gdi32full.dll
[0808/230258.238:ERROR:process_memory_win.cc(73)] ReadMemory at 0x7fffaae30000 of 64 bytes failed: Only part of a ReadProcessMemory or WriteProcessMemory request was completed. (0x12B)
[0808/230258.238:WARNING:pe_image_reader.cc(340)] could not read dos header from C:\WINDOWS\System32\USER32.dll
[0808/230258.238:ERROR:process_memory_win.cc(73)] ReadMemory at 0x7fffa93d0000 of 64 bytes failed: Only part of a ReadProcessMemory or WriteProcessMemory request was completed. (0x12B)
[0808/230258.238:WARNING:pe_image_reader.cc(340)] could not read dos header from C:\WINDOWS\System32\cryptsp.dll
[0808/230258.238:ERROR:process_memory_win.cc(73)] ReadMemory at 0x7fffa8880000 of 64 bytes failed: Only part of a ReadProcessMemory or WriteProcessMemory request was completed. (0x12B)
[0808/230258.238:WARNING:pe_image_reader.cc(340)] could not read dos header from C:\WINDOWS\SYSTEM32\CRYPTBASE.DLL
[0808/230258.238:ERROR:process_memory_win.cc(73)] ReadMemory at 0x7fffa4270000 of 64 bytes failed: Only part of a ReadProcessMemory or WriteProcessMemory request was completed. (0x12B)
[0808/230258.238:WARNING:pe_image_reader.cc(340)] could not read dos header from C:\WINDOWS\system32\NLAapi.dll
[0808/230258.238:ERROR:process_memory_win.cc(73)] ReadMemory at 0x7fffa2110000 of 64 bytes failed: Only part of a ReadProcessMemory or WriteProcessMemory request was completed. (0x12B)
[0808/230258.238:WARNING:pe_image_reader.cc(340)] could not read dos header from C:\WINDOWS\SYSTEM32\dhcpcsvc6.DLL
[0808/230258.238:ERROR:process_memory_win.cc(73)] ReadMemory at 0x7fffa8460000 of 64 bytes failed: Only part of a ReadProcessMemory or WriteProcessMemory request was completed. (0x12B)
[0808/230258.238:WARNING:pe_image_reader.cc(340)] could not read dos header from C:\WINDOWS\SYSTEM32\DNSAPI.dll
[0808/230258.238:ERROR:process_memory_win.cc(73)] ReadMemory at 0x7fffa0830000 of 64 bytes failed: Only part of a ReadProcessMemory or WriteProcessMemory request was completed. (0x12B)
[0808/230258.238:WARNING:pe_image_reader.cc(340)] could not read dos header from C:\WINDOWS\SYSTEM32\wlanapi.dll
[0808/230258.238:ERROR:process_memory_win.cc(73)] ReadMemory at 0x7fffa86b0000 of 64 bytes failed: Only part of a ReadProcessMemory or WriteProcessMemory request was completed. (0x12B)
[0808/230258.238:WARNING:pe_image_reader.cc(340)] could not read dos header from C:\WINDOWS\system32\mswsock.dll
[0808/230258.238:ERROR:process_memory_win.cc(73)] ReadMemory at 0x7fffa0190000 of 64 bytes failed: Only part of a ReadProcessMemory or WriteProcessMemory request was completed. (0x12B)
[0808/230258.238:WARNING:pe_image_reader.cc(340)] could not read dos header from C:\Windows\System32\rasadhlp.dll
[0808/230258.238:ERROR:process_memory_win.cc(73)] ReadMemory at 0x7fffa1ee0000 of 64 bytes failed: Only part of a ReadProcessMemory or WriteProcessMemory request was completed. (0x12B)
[0808/230258.238:WARNING:pe_image_reader.cc(340)] could not read dos header from C:\WINDOWS\System32\fwpuclnt.dll
[0808/230258.238:ERROR:process_memory_win.cc(73)] ReadMemory at 0x7fffa8220000 of 64 bytes failed: Only part of a ReadProcessMemory or WriteProcessMemory request was completed. (0x12B)
[0808/230258.238:WARNING:pe_image_reader.cc(340)] could not read dos header from C:\WINDOWS\system32\rsaenh.dll
[0808/230258.238:ERROR:process_memory_win.cc(73)] ReadMemory at 0x7fffa7650000 of 64 bytes failed: Only part of a ReadProcessMemory or WriteProcessMemory request was completed. (0x12B)
[0808/230258.238:WARNING:pe_image_reader.cc(340)] could not read dos header from C:\WINDOWS\SYSTEM32\gpapi.dll
[0808/230258.238:ERROR:process_memory_win.cc(73)] ReadMemory at 0x7fff94b20000 of 64 bytes failed: Only part of a ReadProcessMemory or WriteProcessMemory request was completed. (0x12B)
[0808/230258.238:WARNING:pe_image_reader.cc(340)] could not read dos header from C:\Windows\System32\cryptnet.dll
[0808/230258.242:ERROR:process_memory_win.cc(73)] ReadMemory at 0x7ff7048c0000 of 64 bytes failed: Only part of a ReadProcessMemory or WriteProcessMemory request was completed. (0x12B)
[0808/230258.242:WARNING:pe_image_reader.cc(340)] could not read dos header from C:\Program Files (x86)\Google\Chrome\Application\chrome.exe
[0808/230258.242:ERROR:process_memory_win.cc(73)] ReadMemory at 0x7fffac000000 of 64 bytes failed: Only part of a ReadProcessMemory or WriteProcessMemory request was completed. (0x12B)
[0808/230258.242:WARNING:pe_image_reader.cc(340)] could not read dos header from C:\WINDOWS\SYSTEM32\ntdll.dll
[0808/230258.242:ERROR:process_memory_win.cc(73)] ReadMemory at 0x7fffaaa30000 of 64 bytes failed: Only part of a ReadProcessMemory or WriteProcessMemory request was completed. (0x12B)
[0808/230258.242:WARNING:pe_image_reader.cc(340)] could not read dos header from C:\WINDOWS\System32\KERNEL32.DLL
[0808/230258.242:ERROR:process_memory_win.cc(73)] ReadMemory at 0x7fffa93f0000 of 64 bytes failed: Only part of a ReadProcessMemory or WriteProcessMemory request was completed. (0x12B)
[0808/230258.242:WARNING:pe_image_reader.cc(340)] could not read dos header from C:\WINDOWS\System32\KERNELBASE.dll
[0808/230258.242:ERROR:process_memory_win.cc(73)] ReadMemory at 0x7fff9e610000 of 64 bytes failed: Only part of a ReadProcessMemory or WriteProcessMemory request was completed. (0x12B)
[0808/230258.242:WARNING:pe_image_reader.cc(340)] could not read dos header from C:\Program Files (x86)\Google\Chrome\Application\84.0.4147.105\chrome_elf.dll
[0808/230258.242:ERROR:process_memory_win.cc(73)] ReadMemory at 0x7fffa4290000 of 64 bytes failed: Only part of a ReadProcessMemory or WriteProcessMemory request was completed. (0x12B)
[0808/230258.242:WARNING:pe_image_reader.cc(340)] could not read dos header from C:\WINDOWS\SYSTEM32\VERSION.dll
[0808/230258.242:ERROR:process_memory_win.cc(73)] ReadMemory at 0x7fffaa6d0000 of 64 bytes failed: Only part of a ReadProcessMemory or WriteProcessMemory request was completed. (0x12B)
[0808/230258.242:WARNING:pe_image_reader.cc(340)] could not read dos header from C:\WINDOWS\System32\msvcrt.dll
[0808/230258.242:ERROR:process_memory_win.cc(73)] ReadMemory at 0x7fffa8f80000 of 64 bytes failed: Only part of a ReadProcessMemory or WriteProcessMemory request was completed. (0x12B)
[0808/230258.243:WARNING:pe_image_reader.cc(340)] could not read dos header from C:\WINDOWS\System32\bcryptPrimitives.dll
[0808/230258.243:ERROR:process_memory_win.cc(73)] ReadMemory at 0x7fffaa890000 of 64 bytes failed: Only part of a ReadProcessMemory or WriteProcessMemory request was completed. (0x12B)
[0808/230258.243:WARNING:pe_image_reader.cc(340)] could not read dos header from C:\WINDOWS\System32\ADVAPI32.dll
[0808/230258.243:ERROR:process_memory_win.cc(73)] ReadMemory at 0x7fffab1a0000 of 64 bytes failed: Only part of a ReadProcessMemory or WriteProcessMemory request was completed. (0x12B)
[0808/230258.243:WARNING:pe_image_reader.cc(340)] could not read dos header from C:\WINDOWS\System32\sechost.dll
[0808/230258.243:ERROR:process_memory_win.cc(73)] ReadMemory at 0x7fffaa770000 of 64 bytes failed: Only part of a ReadProcessMemory or WriteProcessMemory request was completed. (0x12B)
[0808/230258.243:WARNING:pe_image_reader.cc(340)] could not read dos header from C:\WINDOWS\System32\RPCRT4.dll
[0808/230258.243:ERROR:process_memory_win.cc(73)] ReadMemory at 0x7fff5c100000 of 64 bytes failed: Only part of a ReadProcessMemory or WriteProcessMemory request was completed. (0x12B)
[0808/230258.243:WARNING:pe_image_reader.cc(340)] could not read dos header from C:\Program Files (x86)\Google\Chrome\Application\84.0.4147.105\chrome.dll
[0808/230258.243:ERROR:process_memory_win.cc(73)] ReadMemory at 0x7fffabd40000 of 64 bytes failed: Only part of a ReadProcessMemory or WriteProcessMemory request was completed. (0x12B)
[0808/230258.243:WARNING:pe_image_reader.cc(340)] could not read dos header from C:\WINDOWS\System32\WS2_32.dll
[0808/230258.243:ERROR:process_memory_win.cc(73)] ReadMemory at 0x7fffaa940000 of 64 bytes failed: Only part of a ReadProcessMemory or WriteProcessMemory request was completed. (0x12B)
[0808/230258.243:WARNING:pe_image_reader.cc(340)] could not read dos header from C:\WINDOWS\System32\OLEAUT32.dll
[0808/230258.243:ERROR:process_memory_win.cc(73)] ReadMemory at 0x7fffa9ec0000 of 64 bytes failed: Only part of a ReadProcessMemory or WriteProcessMemory request was completed. (0x12B)
[0808/230258.243:WARNING:pe_image_reader.cc(340)] could not read dos header from C:\WINDOWS\System32\msvcp_win.dll
[0808/230258.243:ERROR:process_memory_win.cc(73)] ReadMemory at 0x7fffa9000000 of 64 bytes failed: Only part of a ReadProcessMemory or WriteProcessMemory request was completed. (0x12B)
[0808/230258.243:WARNING:pe_image_reader.cc(340)] could not read dos header from C:\WINDOWS\System32\ucrtbase.dll
[0808/230258.243:ERROR:process_memory_win.cc(73)] ReadMemory at 0x7fffab2a0000 of 64 bytes failed: Only part of a ReadProcessMemory or WriteProcessMemory request was completed. (0x12B)
[0808/230258.243:WARNING:pe_image_reader.cc(340)] could not read dos header from C:\WINDOWS\System32\combase.dll
[0808/230258.243:ERROR:process_memory_win.cc(73)] ReadMemory at 0x7fffa96a0000 of 64 bytes failed: Only part of a ReadProcessMemory or WriteProcessMemory request was completed. (0x12B)
[0808/230258.243:WARNING:pe_image_reader.cc(340)] could not read dos header from C:\WINDOWS\System32\WINTRUST.dll
[0808/230258.243:ERROR:process_memory_win.cc(73)] ReadMemory at 0x7fffa8f30000 of 64 bytes failed: Only part of a ReadProcessMemory or WriteProcessMemory request was completed. (0x12B)
[0808/230258.244:WARNING:pe_image_reader.cc(340)] could not read dos header from C:\WINDOWS\System32\MSASN1.dll
[0808/230258.244:ERROR:process_memory_win.cc(73)] ReadMemory at 0x7fffa9f60000 of 64 bytes failed: Only part of a ReadProcessMemory or WriteProcessMemory request was completed. (0x12B)
[0808/230258.244:WARNING:pe_image_reader.cc(340)] could not read dos header from C:\WINDOWS\System32\CRYPT32.dll
[0808/230258.244:ERROR:process_memory_win.cc(73)] ReadMemory at 0x7fffa83c0000 of 64 bytes failed: Only part of a ReadProcessMemory or WriteProcessMemory request was completed. (0x12B)
[0808/230258.244:WARNING:pe_image_reader.cc(340)] could not read dos header from C:\WINDOWS\SYSTEM32\IPHLPAPI.DLL
[0808/230258.244:ERROR:process_memory_win.cc(73)] ReadMemory at 0x7fffa6be0000 of 64 bytes failed: Only part of a ReadProcessMemory or WriteProcessMemory request was completed. (0x12B)
[0808/230258.244:WARNING:pe_image_reader.cc(340)] could not read dos header from C:\WINDOWS\SYSTEM32\WINMM.dll
[0808/230258.244:ERROR:process_memory_win.cc(73)] ReadMemory at 0x7fff965a0000 of 64 bytes failed: Only part of a ReadProcessMemory or WriteProcessMemory request was completed. (0x12B)
[0808/230258.244:WARNING:pe_image_reader.cc(340)] could not read dos header from C:\WINDOWS\SYSTEM32\Secur32.dll
[0808/230258.244:ERROR:process_memory_win.cc(73)] ReadMemory at 0x7fffa8da0000 of 64 bytes failed: Only part of a ReadProcessMemory or WriteProcessMemory request was completed. (0x12B)
[0808/230258.244:WARNING:pe_image_reader.cc(340)] could not read dos header from C:\WINDOWS\SYSTEM32\USERENV.dll
[0808/230258.244:ERROR:process_memory_win.cc(73)] ReadMemory at 0x7fffa8f50000 of 64 bytes failed: Only part of a ReadProcessMemory or WriteProcessMemory request was completed. (0x12B)
[0808/230258.244:WARNING:pe_image_reader.cc(340)] could not read dos header from C:\WINDOWS\System32\profapi.dll
[0808/230258.244:ERROR:process_memory_win.cc(73)] ReadMemory at 0x7fff86130000 of 64 bytes failed: Only part of a ReadProcessMemory or WriteProcessMemory request was completed. (0x12B)
[0808/230258.244:WARNING:pe_image_reader.cc(340)] could not read dos header from C:\WINDOWS\SYSTEM32\UIAutomationCore.DLL
[0808/230258.244:ERROR:process_memory_win.cc(73)] ReadMemory at 0x7fff90e10000 of 64 bytes failed: Only part of a ReadProcessMemory or WriteProcessMemory request was completed. (0x12B)
[0808/230258.244:WARNING:pe_image_reader.cc(340)] could not read dos header from C:\WINDOWS\SYSTEM32\DWrite.dll
[0808/230258.244:ERROR:process_memory_win.cc(73)] ReadMemory at 0x7fff95ea0000 of 64 bytes failed: Only part of a ReadProcessMemory or WriteProcessMemory request was completed. (0x12B)
[0808/230258.244:WARNING:pe_image_reader.cc(340)] could not read dos header from C:\WINDOWS\SYSTEM32\WINSPOOL.DRV
[0808/230258.244:ERROR:process_memory_win.cc(73)] ReadMemory at 0x7fffa8ec0000 of 64 bytes failed: Only part of a ReadProcessMemory or WriteProcessMemory request was completed. (0x12B)
[0808/230258.244:WARNING:pe_image_reader.cc(340)] could not read dos header from C:\WINDOWS\System32\kernel.appcore.dll
[0808/230258.244:ERROR:process_memory_win.cc(73)] ReadMemory at 0x7fffa9700000 of 64 bytes failed: Only part of a ReadProcessMemory or WriteProcessMemory request was completed. (0x12B)
[0808/230258.245:WARNING:pe_image_reader.cc(340)] could not read dos header from C:\WINDOWS\System32\bcrypt.dll
[0808/230258.245:ERROR:process_memory_win.cc(73)] ReadMemory at 0x7fffa7780000 of 64 bytes failed: Only part of a ReadProcessMemory or WriteProcessMemory request was completed. (0x12B)
[0808/230258.245:WARNING:pe_image_reader.cc(340)] could not read dos header from C:\WINDOWS\SYSTEM32\dbghelp.dll
[0808/230258.245:ERROR:process_memory_win.cc(73)] ReadMemory at 0x7fffa1fc0000 of 64 bytes failed: Only part of a ReadProcessMemory or WriteProcessMemory request was completed. (0x12B)
[0808/230258.245:WARNING:pe_image_reader.cc(340)] could not read dos header from C:\WINDOWS\SYSTEM32\WINHTTP.dll
[0808/230258.245:ERROR:process_memory_win.cc(73)] ReadMemory at 0x7fffa20f0000 of 64 bytes failed: Only part of a ReadProcessMemory or WriteProcessMemory request was completed. (0x12B)
[0808/230258.245:WARNING:pe_image_reader.cc(340)] could not read dos header from C:\WINDOWS\SYSTEM32\dhcpcsvc.DLL
[0808/230258.245:ERROR:process_memory_win.cc(73)] ReadMemory at 0x7fffab190000 of 64 bytes failed: Only part of a ReadProcessMemory or WriteProcessMemory request was completed. (0x12B)
[0808/230258.245:WARNING:pe_image_reader.cc(340)] could not read dos header from C:\WINDOWS\System32\NSI.dll
[0808/230258.245:ERROR:process_memory_win.cc(73)] ReadMemory at 0x7fffa6bb0000 of 64 bytes failed: Only part of a ReadProcessMemory or WriteProcessMemory request was completed. (0x12B)
[0808/230258.245:WARNING:pe_image_reader.cc(340)] could not read dos header from C:\WINDOWS\SYSTEM32\WINMMBASE.dll
[0808/230258.245:ERROR:process_memory_win.cc(73)] ReadMemory at 0x7fffa9130000 of 64 bytes failed: Only part of a ReadProcessMemory or WriteProcessMemory request was completed. (0x12B)
[0808/230258.245:WARNING:pe_image_reader.cc(340)] could not read dos header from C:\WINDOWS\System32\cfgmgr32.dll
[0808/230258.245:ERROR:process_memory_win.cc(73)] ReadMemory at 0x7fffa7980000 of 64 bytes failed: Only part of a ReadProcessMemory or WriteProcessMemory request was completed. (0x12B)
[0808/230258.245:WARNING:pe_image_reader.cc(340)] could not read dos header from C:\WINDOWS\SYSTEM32\PROPSYS.dll
[0808/230258.245:ERROR:process_memory_win.cc(73)] ReadMemory at 0x7fffaa620000 of 64 bytes failed: Only part of a ReadProcessMemory or WriteProcessMemory request was completed. (0x12B)
[0808/230258.245:WARNING:pe_image_reader.cc(340)] could not read dos header from C:\WINDOWS\System32\shcore.dll
[0808/230258.245:ERROR:process_memory_win.cc(73)] ReadMemory at 0x7fffa8dd0000 of 64 bytes failed: Only part of a ReadProcessMemory or WriteProcessMemory request was completed. (0x12B)
[0808/230258.245:WARNING:pe_image_reader.cc(340)] could not read dos header from C:\WINDOWS\SYSTEM32\SSPICLI.DLL
[0808/230258.245:ERROR:process_memory_win.cc(73)] ReadMemory at 0x7fffab5f0000 of 64 bytes failed: Only part of a ReadProcessMemory or WriteProcessMemory request was completed. (0x12B)
[0808/230258.245:WARNING:pe_image_reader.cc(340)] could not read dos header from C:\WINDOWS\System32\SHELL32.dll
[0808/230258.245:ERROR:process_memory_win.cc(73)] ReadMemory at 0x7fffa9730000 of 64 bytes failed: Only part of a ReadProcessMemory or WriteProcessMemory request was completed. (0x12B)
[0808/230258.246:WARNING:pe_image_reader.cc(340)] could not read dos header from C:\WINDOWS\System32\windows.storage.dll
[0808/230258.246:ERROR:process_memory_win.cc(73)] ReadMemory at 0x7fffa8ee0000 of 64 bytes failed: Only part of a ReadProcessMemory or WriteProcessMemory request was completed. (0x12B)
[0808/230258.246:WARNING:pe_image_reader.cc(340)] could not read dos header from C:\WINDOWS\System32\powrprof.dll
[0808/230258.246:ERROR:process_memory_win.cc(73)] ReadMemory at 0x7fffa8eb0000 of 64 bytes failed: Only part of a ReadProcessMemory or WriteProcessMemory request was completed. (0x12B)
[0808/230258.246:WARNING:pe_image_reader.cc(340)] could not read dos header from C:\WINDOWS\System32\UMPDC.dll
[0808/230258.246:ERROR:process_memory_win.cc(73)] ReadMemory at 0x7fffabce0000 of 64 bytes failed: Only part of a ReadProcessMemory or WriteProcessMemory request was completed. (0x12B)
[0808/230258.246:WARNING:pe_image_reader.cc(340)] could not read dos header from C:\WINDOWS\System32\shlwapi.dll
[0808/230258.246:ERROR:process_memory_win.cc(73)] ReadMemory at 0x7fffaa180000 of 64 bytes failed: Only part of a ReadProcessMemory or WriteProcessMemory request was completed. (0x12B)
[0808/230258.246:WARNING:pe_image_reader.cc(340)] could not read dos header from C:\WINDOWS\System32\GDI32.dll
[0808/230258.246:ERROR:process_memory_win.cc(73)] ReadMemory at 0x7fffa9100000 of 64 bytes failed: Only part of a ReadProcessMemory or WriteProcessMemory request was completed. (0x12B)
[0808/230258.246:WARNING:pe_image_reader.cc(340)] could not read dos header from C:\WINDOWS\System32\win32u.dll
[0808/230258.246:ERROR:process_memory_win.cc(73)] ReadMemory at 0x7fffa9230000 of 64 bytes failed: Only part of a ReadProcessMemory or WriteProcessMemory request was completed. (0x12B)
[0808/230258.246:WARNING:pe_image_reader.cc(340)] could not read dos header from C:\WINDOWS\System32\gdi32full.dll
[0808/230258.246:ERROR:process_memory_win.cc(73)] ReadMemory at 0x7fffaae30000 of 64 bytes failed: Only part of a ReadProcessMemory or WriteProcessMemory request was completed. (0x12B)
[0808/230258.246:WARNING:pe_image_reader.cc(340)] could not read dos header from C:\WINDOWS\System32\USER32.dll
[0808/230258.246:ERROR:process_memory_win.cc(73)] ReadMemory at 0x7fffa93d0000 of 64 bytes failed: Only part of a ReadProcessMemory or WriteProcessMemory request was completed. (0x12B)
[0808/230258.246:WARNING:pe_image_reader.cc(340)] could not read dos header from C:\WINDOWS\System32\cryptsp.dll
[0808/230258.246:ERROR:process_memory_win.cc(73)] ReadMemory at 0x7fffa8880000 of 64 bytes failed: Only part of a ReadProcessMemory or WriteProcessMemory request was completed. (0x12B)
[0808/230258.246:WARNING:pe_image_reader.cc(340)] could not read dos header from C:\WINDOWS\SYSTEM32\CRYPTBASE.DLL
[0808/230258.246:ERROR:process_memory_win.cc(73)] ReadMemory at 0x7fffa4270000 of 64 bytes failed: Only part of a ReadProcessMemory or WriteProcessMemory request was completed. (0x12B)
[0808/230258.246:WARNING:pe_image_reader.cc(340)] could not read dos header from C:\WINDOWS\system32\NLAapi.dll
[0808/230258.246:ERROR:process_memory_win.cc(73)] ReadMemory at 0x7fffa2110000 of 64 bytes failed: Only part of a ReadProcessMemory or WriteProcessMemory request was completed. (0x12B)
[0808/230258.246:WARNING:pe_image_reader.cc(340)] could not read dos header from C:\WINDOWS\SYSTEM32\dhcpcsvc6.DLL
[0808/230258.246:ERROR:process_memory_win.cc(73)] ReadMemory at 0x7fffa8460000 of 64 bytes failed: Only part of a ReadProcessMemory or WriteProcessMemory request was completed. (0x12B)
[0808/230258.246:WARNING:pe_image_reader.cc(340)] could not read dos header from C:\WINDOWS\SYSTEM32\DNSAPI.dll
[0808/230258.246:ERROR:process_memory_win.cc(73)] ReadMemory at 0x7fffa0830000 of 64 bytes failed: Only part of a ReadProcessMemory or WriteProcessMemory request was completed. (0x12B)
[0808/230258.247:WARNING:pe_image_reader.cc(340)] could not read dos header from C:\WINDOWS\SYSTEM32\wlanapi.dll
[0808/230258.247:ERROR:process_memory_win.cc(73)] ReadMemory at 0x7fffa86b0000 of 64 bytes failed: Only part of a ReadProcessMemory or WriteProcessMemory request was completed. (0x12B)
[0808/230258.247:WARNING:pe_image_reader.cc(340)] could not read dos header from C:\WINDOWS\system32\mswsock.dll
[0808/230258.247:ERROR:process_memory_win.cc(73)] ReadMemory at 0x7fffa0190000 of 64 bytes failed: Only part of a ReadProcessMemory or WriteProcessMemory request was completed. (0x12B)
[0808/230258.247:WARNING:pe_image_reader.cc(340)] could not read dos header from C:\Windows\System32\rasadhlp.dll
[0808/230258.247:ERROR:process_memory_win.cc(73)] ReadMemory at 0x7fffa1ee0000 of 64 bytes failed: Only part of a ReadProcessMemory or WriteProcessMemory request was completed. (0x12B)
[0808/230258.247:WARNING:pe_image_reader.cc(340)] could not read dos header from C:\WINDOWS\System32\fwpuclnt.dll
[0808/230258.247:ERROR:process_memory_win.cc(73)] ReadMemory at 0x7fffa8220000 of 64 bytes failed: Only part of a ReadProcessMemory or WriteProcessMemory request was completed. (0x12B)
[0808/230258.247:WARNING:pe_image_reader.cc(340)] could not read dos header from C:\WINDOWS\system32\rsaenh.dll
[0808/230258.247:ERROR:process_memory_win.cc(73)] ReadMemory at 0x7fffa7650000 of 64 bytes failed: Only part of a ReadProcessMemory or WriteProcessMemory request was completed. (0x12B)
[0808/230258.247:WARNING:pe_image_reader.cc(340)] could not read dos header from C:\WINDOWS\SYSTEM32\gpapi.dll
[0808/230258.247:ERROR:process_memory_win.cc(73)] ReadMemory at 0x7fff94b20000 of 64 bytes failed: Only part of a ReadProcessMemory or WriteProcessMemory request was completed. (0x12B)
[0808/230258.247:WARNING:pe_image_reader.cc(340)] could not read dos header from C:\Windows\System32\cryptnet.dll
[0808/230258.247:ERROR:process_memory_win.cc(73)] ReadMemory at 0x7ff7048c0000 of 64 bytes failed: Only part of a ReadProcessMemory or WriteProcessMemory request was completed. (0x12B)
[0808/230258.247:WARNING:pe_image_reader.cc(340)] could not read dos header from C:\Program Files (x86)\Google\Chrome\Application\chrome.exe
[0808/230258.247:ERROR:process_memory_win.cc(73)] ReadMemory at 0x7fffac000000 of 64 bytes failed: Only part of a ReadProcessMemory or WriteProcessMemory request was completed. (0x12B)
[0808/230258.247:WARNING:pe_image_reader.cc(340)] could not read dos header from C:\WINDOWS\SYSTEM32\ntdll.dll
[0808/230258.247:ERROR:process_memory_win.cc(73)] ReadMemory at 0x7fffaaa30000 of 64 bytes failed: Only part of a ReadProcessMemory or WriteProcessMemory request was completed. (0x12B)
[0808/230258.247:WARNING:pe_image_reader.cc(340)] could not read dos header from C:\WINDOWS\System32\KERNEL32.DLL
[0808/230258.247:ERROR:process_memory_win.cc(73)] ReadMemory at 0x7fffa93f0000 of 64 bytes failed: Only part of a ReadProcessMemory or WriteProcessMemory request was completed. (0x12B)
[0808/230258.247:WARNING:pe_image_reader.cc(340)] could not read dos header from C:\WINDOWS\System32\KERNELBASE.dll
[0808/230258.247:ERROR:process_memory_win.cc(73)] ReadMemory at 0x7fff9e610000 of 64 bytes failed: Only part of a ReadProcessMemory or WriteProcessMemory request was completed. (0x12B)
[0808/230258.248:WARNING:pe_image_reader.cc(340)] could not read dos header from C:\Program Files (x86)\Google\Chrome\Application\84.0.4147.105\chrome_elf.dll
[0808/230258.248:ERROR:process_memory_win.cc(73)] ReadMemory at 0x7fffa4290000 of 64 bytes failed: Only part of a ReadProcessMemory or WriteProcessMemory request was completed. (0x12B)
[0808/230258.248:WARNING:pe_image_reader.cc(340)] could not read dos header from C:\WINDOWS\SYSTEM32\VERSION.dll
[0808/230258.248:ERROR:process_memory_win.cc(73)] ReadMemory at 0x7fffaa6d0000 of 64 bytes failed: Only part of a ReadProcessMemory or WriteProcessMemory request was completed. (0x12B)
[0808/230258.248:WARNING:pe_image_reader.cc(340)] could not read dos header from C:\WINDOWS\System32\msvcrt.dll
[0808/230258.248:ERROR:process_memory_win.cc(73)] ReadMemory at 0x7fffa8f80000 of 64 bytes failed: Only part of a ReadProcessMemory or WriteProcessMemory request was completed. (0x12B)
[0808/230258.248:WARNING:pe_image_reader.cc(340)] could not read dos header from C:\WINDOWS\System32\bcryptPrimitives.dll
[0808/230258.248:ERROR:process_memory_win.cc(73)] ReadMemory at 0x7fffaa890000 of 64 bytes failed: Only part of a ReadProcessMemory or WriteProcessMemory request was completed. (0x12B)
[0808/230258.248:WARNING:pe_image_reader.cc(340)] could not read dos header from C:\WINDOWS\System32\ADVAPI32.dll
[0808/230258.248:ERROR:process_memory_win.cc(73)] ReadMemory at 0x7fffab1a0000 of 64 bytes failed: Only part of a ReadProcessMemory or WriteProcessMemory request was completed. (0x12B)
[0808/230258.248:WARNING:pe_image_reader.cc(340)] could not read dos header from C:\WINDOWS\System32\sechost.dll
[0808/230258.248:ERROR:process_memory_win.cc(73)] ReadMemory at 0x7fffaa770000 of 64 bytes failed: Only part of a ReadProcessMemory or WriteProcessMemory request was completed. (0x12B)
[0808/230258.248:WARNING:pe_image_reader.cc(340)] could not read dos header from C:\WINDOWS\System32\RPCRT4.dll
[0808/230258.248:ERROR:process_memory_win.cc(73)] ReadMemory at 0x7fff5c100000 of 64 bytes failed: Only part of a ReadProcessMemory or WriteProcessMemory request was completed. (0x12B)
[0808/230258.248:WARNING:pe_image_reader.cc(340)] could not read dos header from C:\Program Files (x86)\Google\Chrome\Application\84.0.4147.105\chrome.dll
[0808/230258.248:ERROR:process_memory_win.cc(73)] ReadMemory at 0x7fffabd40000 of 64 bytes failed: Only part of a ReadProcessMemory or WriteProcessMemory request was completed. (0x12B)
[0808/230258.248:WARNING:pe_image_reader.cc(340)] could not read dos header from C:\WINDOWS\System32\WS2_32.dll
[0808/230258.248:ERROR:process_memory_win.cc(73)] ReadMemory at 0x7fffaa940000 of 64 bytes failed: Only part of a ReadProcessMemory or WriteProcessMemory request was completed. (0x12B)
[0808/230258.248:WARNING:pe_image_reader.cc(340)] could not read dos header from C:\WINDOWS\System32\OLEAUT32.dll
[0808/230258.249:ERROR:process_memory_win.cc(73)] ReadMemory at 0x7fffa9ec0000 of 64 bytes failed: Only part of a ReadProcessMemory or WriteProcessMemory request was completed. (0x12B)
[0808/230258.249:WARNING:pe_image_reader.cc(340)] could not read dos header from C:\WINDOWS\System32\msvcp_win.dll
[0808/230258.249:ERROR:process_memory_win.cc(73)] ReadMemory at 0x7fffa9000000 of 64 bytes failed: Only part of a ReadProcessMemory or WriteProcessMemory request was completed. (0x12B)
[0808/230258.249:WARNING:pe_image_reader.cc(340)] could not read dos header from C:\WINDOWS\System32\ucrtbase.dll
[0808/230258.249:ERROR:process_memory_win.cc(73)] ReadMemory at 0x7fffab2a0000 of 64 bytes failed: Only part of a ReadProcessMemory or WriteProcessMemory request was completed. (0x12B)
[0808/230258.249:WARNING:pe_image_reader.cc(340)] could not read dos header from C:\WINDOWS\System32\combase.dll
[0808/230258.249:ERROR:process_memory_win.cc(73)] ReadMemory at 0x7fffa96a0000 of 64 bytes failed: Only part of a ReadProcessMemory or WriteProcessMemory request was completed. (0x12B)
[0808/230258.249:WARNING:pe_image_reader.cc(340)] could not read dos header from C:\WINDOWS\System32\WINTRUST.dll
[0808/230258.249:ERROR:process_memory_win.cc(73)] ReadMemory at 0x7fffa8f30000 of 64 bytes failed: Only part of a ReadProcessMemory or WriteProcessMemory request was completed. (0x12B)
[0808/230258.249:WARNING:pe_image_reader.cc(340)] could not read dos header from C:\WINDOWS\System32\MSASN1.dll
[0808/230258.249:ERROR:process_memory_win.cc(73)] ReadMemory at 0x7fffa9f60000 of 64 bytes failed: Only part of a ReadProcessMemory or WriteProcessMemory request was completed. (0x12B)
[0808/230258.249:WARNING:pe_image_reader.cc(340)] could not read dos header from C:\WINDOWS\System32\CRYPT32.dll
[0808/230258.249:ERROR:process_memory_win.cc(73)] ReadMemory at 0x7fffa83c0000 of 64 bytes failed: Only part of a ReadProcessMemory or WriteProcessMemory request was completed. (0x12B)
[0808/230258.249:WARNING:pe_image_reader.cc(340)] could not read dos header from C:\WINDOWS\SYSTEM32\IPHLPAPI.DLL
[0808/230258.249:ERROR:process_memory_win.cc(73)] ReadMemory at 0x7fffa6be0000 of 64 bytes failed: Only part of a ReadProcessMemory or WriteProcessMemory request was completed. (0x12B)
[0808/230258.249:WARNING:pe_image_reader.cc(340)] could not read dos header from C:\WINDOWS\SYSTEM32\WINMM.dll
[0808/230258.249:ERROR:process_memory_win.cc(73)] ReadMemory at 0x7fff965a0000 of 64 bytes failed: Only part of a ReadProcessMemory or WriteProcessMemory request was completed. (0x12B)
[0808/230258.249:WARNING:pe_image_reader.cc(340)] could not read dos header from C:\WINDOWS\SYSTEM32\Secur32.dll
[0808/230258.249:ERROR:process_memory_win.cc(73)] ReadMemory at 0x7fffa8da0000 of 64 bytes failed: Only part of a ReadProcessMemory or WriteProcessMemory request was completed. (0x12B)
[0808/230258.250:WARNING:pe_image_reader.cc(340)] could not read dos header from C:\WINDOWS\SYSTEM32\USERENV.dll
[0808/230258.250:ERROR:process_memory_win.cc(73)] ReadMemory at 0x7fffa8f50000 of 64 bytes failed: Only part of a ReadProcessMemory or WriteProcessMemory request was completed. (0x12B)
[0808/230258.250:WARNING:pe_image_reader.cc(340)] could not read dos header from C:\WINDOWS\System32\profapi.dll
[0808/230258.250:ERROR:process_memory_win.cc(73)] ReadMemory at 0x7fff86130000 of 64 bytes failed: Only part of a ReadProcessMemory or WriteProcessMemory request was completed. (0x12B)
[0808/230258.250:WARNING:pe_image_reader.cc(340)] could not read dos header from C:\WINDOWS\SYSTEM32\UIAutomationCore.DLL
[0808/230258.250:ERROR:process_memory_win.cc(73)] ReadMemory at 0x7fff90e10000 of 64 bytes failed: Only part of a ReadProcessMemory or WriteProcessMemory request was completed. (0x12B)
[0808/230258.250:WARNING:pe_image_reader.cc(340)] could not read dos header from C:\WINDOWS\SYSTEM32\DWrite.dll
[0808/230258.250:ERROR:process_memory_win.cc(73)] ReadMemory at 0x7fff95ea0000 of 64 bytes failed: Only part of a ReadProcessMemory or WriteProcessMemory request was completed. (0x12B)
[0808/230258.250:WARNING:pe_image_reader.cc(340)] could not read dos header from C:\WINDOWS\SYSTEM32\WINSPOOL.DRV
[0808/230258.250:ERROR:process_memory_win.cc(73)] ReadMemory at 0x7fffa8ec0000 of 64 bytes failed: Only part of a ReadProcessMemory or WriteProcessMemory request was completed. (0x12B)
[0808/230258.250:WARNING:pe_image_reader.cc(340)] could not read dos header from C:\WINDOWS\System32\kernel.appcore.dll
[0808/230258.250:ERROR:process_memory_win.cc(73)] ReadMemory at 0x7fffa9700000 of 64 bytes failed: Only part of a ReadProcessMemory or WriteProcessMemory request was completed. (0x12B)
[0808/230258.250:WARNING:pe_image_reader.cc(340)] could not read dos header from C:\WINDOWS\System32\bcrypt.dll
[0808/230258.250:ERROR:process_memory_win.cc(73)] ReadMemory at 0x7fffa7780000 of 64 bytes failed: Only part of a ReadProcessMemory or WriteProcessMemory request was completed. (0x12B)
[0808/230258.250:WARNING:pe_image_reader.cc(340)] could not read dos header from C:\WINDOWS\SYSTEM32\dbghelp.dll
[0808/230258.250:ERROR:process_memory_win.cc(73)] ReadMemory at 0x7fffa1fc0000 of 64 bytes failed: Only part of a ReadProcessMemory or WriteProcessMemory request was completed. (0x12B)
[0808/230258.250:WARNING:pe_image_reader.cc(340)] could not read dos header from C:\WINDOWS\SYSTEM32\WINHTTP.dll
[0808/230258.250:ERROR:process_memory_win.cc(73)] ReadMemory at 0x7fffa20f0000 of 64 bytes failed: Only part of a ReadProcessMemory or WriteProcessMemory request was completed. (0x12B)
[0808/230258.250:WARNING:pe_image_reader.cc(340)] could not read dos header from C:\WINDOWS\SYSTEM32\dhcpcsvc.DLL
[0808/230258.250:ERROR:process_memory_win.cc(73)] ReadMemory at 0x7fffab190000 of 64 bytes failed: Only part of a ReadProcessMemory or WriteProcessMemory request was completed. (0x12B)
[0808/230258.250:WARNING:pe_image_reader.cc(340)] could not read dos header from C:\WINDOWS\System32\NSI.dll
[0808/230258.250:ERROR:process_memory_win.cc(73)] ReadMemory at 0x7fffa6bb0000 of 64 bytes failed: Only part of a ReadProcessMemory or WriteProcessMemory request was completed. (0x12B)
[0808/230258.251:WARNING:pe_image_reader.cc(340)] could not read dos header from C:\WINDOWS\SYSTEM32\WINMMBASE.dll
[0808/230258.251:ERROR:process_memory_win.cc(73)] ReadMemory at 0x7fffa9130000 of 64 bytes failed: Only part of a ReadProcessMemory or WriteProcessMemory request was completed. (0x12B)
[0808/230258.251:WARNING:pe_image_reader.cc(340)] could not read dos header from C:\WINDOWS\System32\cfgmgr32.dll
[0808/230258.251:ERROR:process_memory_win.cc(73)] ReadMemory at 0x7fffa7980000 of 64 bytes failed: Only part of a ReadProcessMemory or WriteProcessMemory request was completed. (0x12B)
[0808/230258.251:WARNING:pe_image_reader.cc(340)] could not read dos header from C:\WINDOWS\SYSTEM32\PROPSYS.dll
[0808/230258.251:ERROR:process_memory_win.cc(73)] ReadMemory at 0x7fffaa620000 of 64 bytes failed: Only part of a ReadProcessMemory or WriteProcessMemory request was completed. (0x12B)
[0808/230258.251:WARNING:pe_image_reader.cc(340)] could not read dos header from C:\WINDOWS\System32\shcore.dll
[0808/230258.251:ERROR:process_memory_win.cc(73)] ReadMemory at 0x7fffa8dd0000 of 64 bytes failed: Only part of a ReadProcessMemory or WriteProcessMemory request was completed. (0x12B)
[0808/230258.251:WARNING:pe_image_reader.cc(340)] could not read dos header from C:\WINDOWS\SYSTEM32\SSPICLI.DLL
[0808/230258.251:ERROR:process_memory_win.cc(73)] ReadMemory at 0x7fffab5f0000 of 64 bytes failed: Only part of a ReadProcessMemory or WriteProcessMemory request was completed. (0x12B)
[0808/230258.251:WARNING:pe_image_reader.cc(340)] could not read dos header from C:\WINDOWS\System32\SHELL32.dll
[0808/230258.251:ERROR:process_memory_win.cc(73)] ReadMemory at 0x7fffa9730000 of 64 bytes failed: Only part of a ReadProcessMemory or WriteProcessMemory request was completed. (0x12B)
[0808/230258.251:WARNING:pe_image_reader.cc(340)] could not read dos header from C:\WINDOWS\System32\windows.storage.dll
[0808/230258.251:ERROR:process_memory_win.cc(73)] ReadMemory at 0x7fffa8ee0000 of 64 bytes failed: Only part of a ReadProcessMemory or WriteProcessMemory request was completed. (0x12B)
[0808/230258.251:WARNING:pe_image_reader.cc(340)] could not read dos header from C:\WINDOWS\System32\powrprof.dll
[0808/230258.251:ERROR:process_memory_win.cc(73)] ReadMemory at 0x7fffa8eb0000 of 64 bytes failed: Only part of a ReadProcessMemory or WriteProcessMemory request was completed. (0x12B)
[0808/230258.251:WARNING:pe_image_reader.cc(340)] could not read dos header from C:\WINDOWS\System32\UMPDC.dll
[0808/230258.251:ERROR:process_memory_win.cc(73)] ReadMemory at 0x7fffabce0000 of 64 bytes failed: Only part of a ReadProcessMemory or WriteProcessMemory request was completed. (0x12B)
[0808/230258.251:WARNING:pe_image_reader.cc(340)] could not read dos header from C:\WINDOWS\System32\shlwapi.dll
[0808/230258.251:ERROR:process_memory_win.cc(73)] ReadMemory at 0x7fffaa180000 of 64 bytes failed: Only part of a ReadProcessMemory or WriteProcessMemory request was completed. (0x12B)
[0808/230258.251:WARNING:pe_image_reader.cc(340)] could not read dos header from C:\WINDOWS\System32\GDI32.dll
[0808/230258.251:ERROR:process_memory_win.cc(73)] ReadMemory at 0x7fffa9100000 of 64 bytes failed: Only part of a ReadProcessMemory or WriteProcessMemory request was completed. (0x12B)
[0808/230258.251:WARNING:pe_image_reader.cc(340)] could not read dos header from C:\WINDOWS\System32\win32u.dll
[0808/230258.251:ERROR:process_memory_win.cc(73)] ReadMemory at 0x7fffa9230000 of 64 bytes failed: Only part of a ReadProcessMemory or WriteProcessMemory request was completed. (0x12B)
[0808/230258.251:WARNING:pe_image_reader.cc(340)] could not read dos header from C:\WINDOWS\System32\gdi32full.dll
[0808/230258.251:ERROR:process_memory_win.cc(73)] ReadMemory at 0x7fffaae30000 of 64 bytes failed: Only part of a ReadProcessMemory or WriteProcessMemory request was completed. (0x12B)
[0808/230258.252:WARNING:pe_image_reader.cc(340)] could not read dos header from C:\WINDOWS\System32\USER32.dll
[0808/230258.252:ERROR:process_memory_win.cc(73)] ReadMemory at 0x7fffa93d0000 of 64 bytes failed: Only part of a ReadProcessMemory or WriteProcessMemory request was completed. (0x12B)
[0808/230258.252:WARNING:pe_image_reader.cc(340)] could not read dos header from C:\WINDOWS\System32\cryptsp.dll
[0808/230258.252:ERROR:process_memory_win.cc(73)] ReadMemory at 0x7fffa8880000 of 64 bytes failed: Only part of a ReadProcessMemory or WriteProcessMemory request was completed. (0x12B)
[0808/230258.252:WARNING:pe_image_reader.cc(340)] could not read dos header from C:\WINDOWS\SYSTEM32\CRYPTBASE.DLL
[0808/230258.252:ERROR:process_memory_win.cc(73)] ReadMemory at 0x7fffa4270000 of 64 bytes failed: Only part of a ReadProcessMemory or WriteProcessMemory request was completed. (0x12B)
[0808/230258.252:WARNING:pe_image_reader.cc(340)] could not read dos header from C:\WINDOWS\system32\NLAapi.dll
[0808/230258.252:ERROR:process_memory_win.cc(73)] ReadMemory at 0x7fffa2110000 of 64 bytes failed: Only part of a ReadProcessMemory or WriteProcessMemory request was completed. (0x12B)
[0808/230258.252:WARNING:pe_image_reader.cc(340)] could not read dos header from C:\WINDOWS\SYSTEM32\dhcpcsvc6.DLL
[0808/230258.252:ERROR:process_memory_win.cc(73)] ReadMemory at 0x7fffa8460000 of 64 bytes failed: Only part of a ReadProcessMemory or WriteProcessMemory request was completed. (0x12B)
[0808/230258.252:WARNING:pe_image_reader.cc(340)] could not read dos header from C:\WINDOWS\SYSTEM32\DNSAPI.dll
[0808/230258.252:ERROR:process_memory_win.cc(73)] ReadMemory at 0x7fffa0830000 of 64 bytes failed: Only part of a ReadProcessMemory or WriteProcessMemory request was completed. (0x12B)
[0808/230258.252:WARNING:pe_image_reader.cc(340)] could not read dos header from C:\WINDOWS\SYSTEM32\wlanapi.dll
[0808/230258.252:ERROR:process_memory_win.cc(73)] ReadMemory at 0x7fffa86b0000 of 64 bytes failed: Only part of a ReadProcessMemory or WriteProcessMemory request was completed. (0x12B)
[0808/230258.252:WARNING:pe_image_reader.cc(340)] could not read dos header from C:\WINDOWS\system32\mswsock.dll
[0808/230258.252:ERROR:process_memory_win.cc(73)] ReadMemory at 0x7fffa0190000 of 64 bytes failed: Only part of a ReadProcessMemory or WriteProcessMemory request was completed. (0x12B)
[0808/230258.252:WARNING:pe_image_reader.cc(340)] could not read dos header from C:\Windows\System32\rasadhlp.dll
[0808/230258.252:ERROR:process_memory_win.cc(73)] ReadMemory at 0x7fffa1ee0000 of 64 bytes failed: Only part of a ReadProcessMemory or WriteProcessMemory request was completed. (0x12B)
[0808/230258.252:WARNING:pe_image_reader.cc(340)] could not read dos header from C:\WINDOWS\System32\fwpuclnt.dll
[0808/230258.252:ERROR:process_memory_win.cc(73)] ReadMemory at 0x7fffa8220000 of 64 bytes failed: Only part of a ReadProcessMemory or WriteProcessMemory request was completed. (0x12B)
[0808/230258.252:WARNING:pe_image_reader.cc(340)] could not read dos header from C:\WINDOWS\system32\rsaenh.dll
[0808/230258.252:ERROR:process_memory_win.cc(73)] ReadMemory at 0x7fffa7650000 of 64 bytes failed: Only part of a ReadProcessMemory or WriteProcessMemory request was completed. (0x12B)
[0808/230258.252:WARNING:pe_image_reader.cc(340)] could not read dos header from C:\WINDOWS\SYSTEM32\gpapi.dll
[0808/230258.252:ERROR:process_memory_win.cc(73)] ReadMemory at 0x7fff94b20000 of 64 bytes failed: Only part of a ReadProcessMemory or WriteProcessMemory request was completed. (0x12B)
[0808/230258.252:WARNING:pe_image_reader.cc(340)] could not read dos header from C:\Windows\System32\cryptnet.dll
[0808/230258.265:ERROR:process_memory_win.cc(73)] ReadMemory at 0xf0eb1fd000 of 12288 bytes failed: Only part of a ReadProcessMemory or WriteProcessMemory request was completed. (0x12B)
[0808/230258.265:ERROR:process_memory_win.cc(73)] ReadMemory at 0xf0e215b000 of 852 bytes failed: Only part of a ReadProcessMemory or WriteProcessMemory request was completed. (0x12B)
[0808/230258.265:ERROR:process_memory_win.cc(73)] ReadMemory at 0xf0e2180000 of 6024 bytes failed: Only part of a ReadProcessMemory or WriteProcessMemory request was completed. (0x12B)
[0808/230258.265:ERROR:process_memory_win.cc(73)] ReadMemory at 0x2251e3b0fe0 of 9404 bytes failed: Only part of a ReadProcessMemory or WriteProcessMemory request was completed. (0x12B)
[0808/230258.265:ERROR:process_memory_win.cc(73)] ReadMemory at 0x2251e3b34b0 of 1012 bytes failed: Only part of a ReadProcessMemory or WriteProcessMemory request was completed. (0x12B)
[0808/230258.265:ERROR:process_memory_win.cc(73)] ReadMemory at 0x2251e3b3af8 of 118 bytes failed: Only part of a ReadProcessMemory or WriteProcessMemory request was completed. (0x12B)
[0808/230258.265:ERROR:process_memory_win.cc(73)] ReadMemory at 0x2251e3b3b70 of 944 bytes failed: Only part of a ReadProcessMemory or WriteProcessMemory request was completed. (0x12B)
[0808/230258.265:ERROR:process_memory_win.cc(73)] ReadMemory at 0x2251e3b3f22 of 118 bytes failed: Only part of a ReadProcessMemory or WriteProcessMemory request was completed. (0x12B)
[0808/230258.265:ERROR:process_memory_win.cc(73)] ReadMemory at 0x2251e3b3fb0 of 58 bytes failed: Only part of a ReadProcessMemory or WriteProcessMemory request was completed. (0x12B)
[0808/230258.265:ERROR:process_memory_win.cc(73)] ReadMemory at 0x2251e3b40b0 of 132 bytes failed: Only part of a ReadProcessMemory or WriteProcessMemory request was completed. (0x12B)
[0808/230258.266:ERROR:process_memory_win.cc(73)] ReadMemory at 0x2251e3b4240 of 132 bytes failed: Only part of a ReadProcessMemory or WriteProcessMemory request was completed. (0x12B)
[0808/230258.266:ERROR:process_memory_win.cc(73)] ReadMemory at 0x2251e3b4400 of 126 bytes failed: Only part of a ReadProcessMemory or WriteProcessMemory request was completed. (0x12B)
[0808/230258.266:ERROR:process_memory_win.cc(73)] ReadMemory at 0x2251e3b47e0 of 132 bytes failed: Only part of a ReadProcessMemory or WriteProcessMemory request was completed. (0x12B)
[0808/230258.266:ERROR:process_memory_win.cc(73)] ReadMemory at 0x2251e3b4970 of 64 bytes failed: Only part of a ReadProcessMemory or WriteProcessMemory request was completed. (0x12B)
[0808/230258.266:ERROR:process_memory_win.cc(73)] ReadMemory at 0x2251e3b4b30 of 132 bytes failed: Only part of a ReadProcessMemory or WriteProcessMemory request was completed. (0x12B)
[0808/230258.266:ERROR:process_memory_win.cc(73)] ReadMemory at 0x2251e3b4dd0 of 132 bytes failed: Only part of a ReadProcessMemory or WriteProcessMemory request was completed. (0x12B)
[0808/230258.266:ERROR:process_memory_win.cc(73)] ReadMemory at 0x2251e3b4f60 of 68 bytes failed: Only part of a ReadProcessMemory or WriteProcessMemory request was completed. (0x12B)
[0808/230258.266:ERROR:process_memory_win.cc(73)] ReadMemory at 0x2251e3b60b0 of 132 bytes failed: Only part of a ReadProcessMemory or WriteProcessMemory request was completed. (0x12B)
[0808/230258.266:ERROR:process_memory_win.cc(73)] ReadMemory at 0x2251e3b6240 of 154 bytes failed: Only part of a ReadProcessMemory or WriteProcessMemory request was completed. (0x12B)
[0808/230258.266:ERROR:process_memory_win.cc(73)] ReadMemory at 0x2251e3b7000 of 62 bytes failed: Only part of a ReadProcessMemory or WriteProcessMemory request was completed. (0x12B)
[0808/230258.266:ERROR:process_memory_win.cc(73)] ReadMemory at 0x2251e3b7160 of 132 bytes failed: Only part of a ReadProcessMemory or WriteProcessMemory request was completed. (0x12B)
[0808/230258.266:ERROR:process_memory_win.cc(73)] ReadMemory at 0x2251e3b72f0 of 60 bytes failed: Only part of a ReadProcessMemory or WriteProcessMemory request was completed. (0x12B)
[0808/230258.267:ERROR:process_memory_win.cc(73)] ReadMemory at 0x2251e3bcecc of 512 bytes failed: Only part of a ReadProcessMemory or WriteProcessMemory request was completed. (0x12B)
[0808/230258.267:ERROR:process_memory_win.cc(73)] ReadMemory at 0x2251e3becc0 of 62 bytes failed: Only part of a ReadProcessMemory or WriteProcessMemory request was completed. (0x12B)
[0808/230258.267:ERROR:process_memory_win.cc(73)] ReadMemory at 0x2251e3bef40 of 60 bytes failed: Only part of a ReadProcessMemory or WriteProcessMemory request was completed. (0x12B)
[0808/230258.267:ERROR:process_memory_win.cc(73)] ReadMemory at 0x2251e3bf080 of 62 bytes failed: Only part of a ReadProcessMemory or WriteProcessMemory request was completed. (0x12B)
[0808/230258.267:ERROR:process_memory_win.cc(73)] ReadMemory at 0x2251e3c0fa0 of 54 bytes failed: Only part of a ReadProcessMemory or WriteProcessMemory request was completed. (0x12B)
[0808/230258.267:ERROR:process_memory_win.cc(73)] ReadMemory at 0x2251e3c1a30 of 80 bytes failed: Only part of a ReadProcessMemory or WriteProcessMemory request was completed. (0x12B)
[0808/230258.267:ERROR:process_memory_win.cc(73)] ReadMemory at 0x2251e3c1cd0 of 80 bytes failed: Only part of a ReadProcessMemory or WriteProcessMemory request was completed. (0x12B)
[0808/230258.267:ERROR:process_memory_win.cc(73)] ReadMemory at 0x2251e3c1d90 of 76 bytes failed: Only part of a ReadProcessMemory or WriteProcessMemory request was completed. (0x12B)
[0808/230258.267:ERROR:process_memory_win.cc(73)] ReadMemory at 0x2251e3c5c80 of 132 bytes failed: Only part of a ReadProcessMemory or WriteProcessMemory request was completed. (0x12B)
[0808/230258.267:ERROR:process_memory_win.cc(73)] ReadMemory at 0x2251e3c62a0 of 132 bytes failed: Only part of a ReadProcessMemory or WriteProcessMemory request was completed. (0x12B)
[0808/230258.267:ERROR:process_memory_win.cc(73)] ReadMemory at 0x2251e3c6880 of 132 bytes failed: Only part of a ReadProcessMemory or WriteProcessMemory request was completed. (0x12B)
[0808/230258.267:ERROR:process_memory_win.cc(73)] ReadMemory at 0x2251e3c69b0 of 132 bytes failed: Only part of a ReadProcessMemory or WriteProcessMemory request was completed. (0x12B)
[0808/230258.268:ERROR:process_memory_win.cc(73)] ReadMemory at 0x2251e3c6af0 of 132 bytes failed: Only part of a ReadProcessMemory or WriteProcessMemory request was completed. (0x12B)
[0808/230258.268:ERROR:process_memory_win.cc(73)] ReadMemory at 0x2251e3c7450 of 132 bytes failed: Only part of a ReadProcessMemory or WriteProcessMemory request was completed. (0x12B)
[0808/230258.268:ERROR:process_memory_win.cc(73)] ReadMemory at 0x2251e3c7670 of 132 bytes failed: Only part of a ReadProcessMemory or WriteProcessMemory request was completed. (0x12B)
[0808/230258.268:ERROR:process_memory_win.cc(73)] ReadMemory at 0x2251e3c79d0 of 132 bytes failed: Only part of a ReadProcessMemory or WriteProcessMemory request was completed. (0x12B)
[0808/230258.268:ERROR:process_memory_win.cc(73)] ReadMemory at 0x2251e3c9140 of 146 bytes failed: Only part of a ReadProcessMemory or WriteProcessMemory request was completed. (0x12B)
[0808/230258.268:ERROR:process_memory_win.cc(73)] ReadMemory at 0x2251e3ca2a0 of 62 bytes failed: Only part of a ReadProcessMemory or WriteProcessMemory request was completed. (0x12B)
[0808/230258.268:ERROR:process_memory_win.cc(73)] ReadMemory at 0x2251e3ca340 of 60 bytes failed: Only part of a ReadProcessMemory or WriteProcessMemory request was completed. (0x12B)
[0808/230258.268:ERROR:process_memory_win.cc(73)] ReadMemory at 0x2251e3ca390 of 64 bytes failed: Only part of a ReadProcessMemory or WriteProcessMemory request was completed. (0x12B)
[0808/230258.268:ERROR:process_memory_win.cc(73)] ReadMemory at 0x2251e3ca3e0 of 60 bytes failed: Only part of a ReadProcessMemory or WriteProcessMemory request was completed. (0x12B)
[0808/230258.268:ERROR:process_memory_win.cc(73)] ReadMemory at 0x2251e3ca430 of 64 bytes failed: Only part of a ReadProcessMemory or WriteProcessMemory request was completed. (0x12B)
[0808/230258.268:ERROR:process_memory_win.cc(73)] ReadMemory at 0x2251e3ca570 of 62 bytes failed: Only part of a ReadProcessMemory or WriteProcessMemory request was completed. (0x12B)
[0808/230258.268:ERROR:process_memory_win.cc(73)] ReadMemory at 0x2251e3ca6b0 of 62 bytes failed: Only part of a ReadProcessMemory or WriteProcessMemory request was completed. (0x12B)
[0808/230258.269:ERROR:process_memory_win.cc(73)] ReadMemory at 0x2251e3ca7a0 of 60 bytes failed: Only part of a ReadProcessMemory or WriteProcessMemory request was completed. (0x12B)
[0808/230258.269:ERROR:process_memory_win.cc(73)] ReadMemory at 0x2251e3ca7f0 of 62 bytes failed: Only part of a ReadProcessMemory or WriteProcessMemory request was completed. (0x12B)
[0808/230258.269:ERROR:process_memory_win.cc(73)] ReadMemory at 0x2251e3ca8e0 of 66 bytes failed: Only part of a ReadProcessMemory or WriteProcessMemory request was completed. (0x12B)
[0808/230258.269:ERROR:process_memory_win.cc(73)] ReadMemory at 0x2251e3ca930 of 62 bytes failed: Only part of a ReadProcessMemory or WriteProcessMemory request was completed. (0x12B)
[0808/230258.269:ERROR:process_memory_win.cc(73)] ReadMemory at 0x2251e3ca980 of 64 bytes failed: Only part of a ReadProcessMemory or WriteProcessMemory request was completed. (0x12B)
[0808/230258.269:ERROR:process_memory_win.cc(73)] ReadMemory at 0x2251e3cab10 of 64 bytes failed: Only part of a ReadProcessMemory or WriteProcessMemory request was completed. (0x12B)
[0808/230258.269:ERROR:process_memory_win.cc(73)] ReadMemory at 0x2251e3cab60 of 64 bytes failed: Only part of a ReadProcessMemory or WriteProcessMemory request was completed. (0x12B)
[0808/230258.269:ERROR:process_memory_win.cc(73)] ReadMemory at 0x2251e3cabb0 of 60 bytes failed: Only part of a ReadProcessMemory or WriteProcessMemory request was completed. (0x12B)
[0808/230258.269:ERROR:process_memory_win.cc(73)] ReadMemory at 0x2251e3cac00 of 62 bytes failed: Only part of a ReadProcessMemory or WriteProcessMemory request was completed. (0x12B)
[0808/230258.269:ERROR:process_memory_win.cc(73)] ReadMemory at 0x2251e3caca0 of 64 bytes failed: Only part of a ReadProcessMemory or WriteProcessMemory request was completed. (0x12B)
[0808/230258.269:ERROR:process_memory_win.cc(73)] ReadMemory at 0x2251e3cad90 of 62 bytes failed: Only part of a ReadProcessMemory or WriteProcessMemory request was completed. (0x12B)
[0808/230258.270:ERROR:process_memory_win.cc(73)] ReadMemory at 0x2251e3cae80 of 64 bytes failed: Only part of a ReadProcessMemory or WriteProcessMemory request was completed. (0x12B)
[0808/230258.270:ERROR:process_memory_win.cc(73)] ReadMemory at 0x2251e3caf70 of 60 bytes failed: Only part of a ReadProcessMemory or WriteProcessMemory request was completed. (0x12B)
[0808/230258.270:ERROR:process_memory_win.cc(73)] ReadMemory at 0x2251e3cb010 of 58 bytes failed: Only part of a ReadProcessMemory or WriteProcessMemory request was completed. (0x12B)
[0808/230258.270:ERROR:process_memory_win.cc(73)] ReadMemory at 0x2251e3cb0b0 of 62 bytes failed: Only part of a ReadProcessMemory or WriteProcessMemory request was completed. (0x12B)
[0808/230258.270:ERROR:process_memory_win.cc(73)] ReadMemory at 0x2251e3cb100 of 64 bytes failed: Only part of a ReadProcessMemory or WriteProcessMemory request was completed. (0x12B)
[0808/230258.270:ERROR:process_memory_win.cc(73)] ReadMemory at 0x2251e3cb150 of 66 bytes failed: Only part of a ReadProcessMemory or WriteProcessMemory request was completed. (0x12B)
[0808/230258.270:ERROR:process_memory_win.cc(73)] ReadMemory at 0x2251e3cc7d0 of 132 bytes failed: Only part of a ReadProcessMemory or WriteProcessMemory request was completed. (0x12B)
[0808/230258.270:ERROR:process_memory_win.cc(73)] ReadMemory at 0x2251e3cc9f0 of 132 bytes failed: Only part of a ReadProcessMemory or WriteProcessMemory request was completed. (0x12B)
[0808/230258.270:ERROR:process_memory_win.cc(73)] ReadMemory at 0x2251e3ccb20 of 132 bytes failed: Only part of a ReadProcessMemory or WriteProcessMemory request was completed. (0x12B)
[0808/230258.270:ERROR:process_memory_win.cc(73)] ReadMemory at 0x2251e3ccc50 of 132 bytes failed: Only part of a ReadProcessMemory or WriteProcessMemory request was completed. (0x12B)
[0808/230258.270:ERROR:process_memory_win.cc(73)] ReadMemory at 0x2251e3ccd80 of 132 bytes failed: Only part of a ReadProcessMemory or WriteProcessMemory request was completed. (0x12B)
[0808/230258.270:ERROR:process_memory_win.cc(73)] ReadMemory at 0x2251e3cceb0 of 132 bytes failed: Only part of a ReadProcessMemory or WriteProcessMemory request was completed. (0x12B)
[0808/230258.271:ERROR:process_memory_win.cc(73)] ReadMemory at 0x2251e3ccfe0 of 132 bytes failed: Only part of a ReadProcessMemory or WriteProcessMemory request was completed. (0x12B)
[0808/230258.271:ERROR:process_memory_win.cc(73)] ReadMemory at 0x2251e3cffc0 of 132 bytes failed: Only part of a ReadProcessMemory or WriteProcessMemory request was completed. (0x12B)
[0808/230258.271:ERROR:process_memory_win.cc(73)] ReadMemory at 0x2251e3d34b0 of 132 bytes failed: Only part of a ReadProcessMemory or WriteProcessMemory request was completed. (0x12B)
[0808/230258.271:ERROR:process_memory_win.cc(73)] ReadMemory at 0x2251e3d35e0 of 132 bytes failed: Only part of a ReadProcessMemory or WriteProcessMemory request was completed. (0x12B)
[0808/230258.271:ERROR:process_memory_win.cc(73)] ReadMemory at 0x2251e3d3710 of 132 bytes failed: Only part of a ReadProcessMemory or WriteProcessMemory request was completed. (0x12B)
[0808/230258.271:ERROR:process_memory_win.cc(73)] ReadMemory at 0x2251e3d3840 of 132 bytes failed: Only part of a ReadProcessMemory or WriteProcessMemory request was completed. (0x12B)
[0808/230258.271:ERROR:process_memory_win.cc(73)] ReadMemory at 0x2251e3d3970 of 132 bytes failed: Only part of a ReadProcessMemory or WriteProcessMemory request was completed. (0x12B)
[0808/230258.271:ERROR:process_memory_win.cc(73)] ReadMemory at 0x2251e3d3aa0 of 132 bytes failed: Only part of a ReadProcessMemory or WriteProcessMemory request was completed. (0x12B)
[0808/230258.271:ERROR:process_memory_win.cc(73)] ReadMemory at 0x2251e3d3bd0 of 132 bytes failed: Only part of a ReadProcessMemory or WriteProcessMemory request was completed. (0x12B)
[0808/230258.271:ERROR:process_memory_win.cc(73)] ReadMemory at 0x2251e3d3d00 of 132 bytes failed: Only part of a ReadProcessMemory or WriteProcessMemory request was completed. (0x12B)
[0808/230258.271:ERROR:process_memory_win.cc(73)] ReadMemory at 0x2251e3d3e30 of 132 bytes failed: Only part of a ReadProcessMemory or WriteProcessMemory request was completed. (0x12B)
[0808/230258.271:ERROR:process_memory_win.cc(73)] ReadMemory at 0x2251e3d3f60 of 132 bytes failed: Only part of a ReadProcessMemory or WriteProcessMemory request was completed. (0x12B)
[0808/230258.272:ERROR:process_memory_win.cc(73)] ReadMemory at 0x2251e3d4090 of 132 bytes failed: Only part of a ReadProcessMemory or WriteProcessMemory request was completed. (0x12B)
[0808/230258.272:ERROR:process_memory_win.cc(73)] ReadMemory at 0x2251e3d41c0 of 132 bytes failed: Only part of a ReadProcessMemory or WriteProcessMemory request was completed. (0x12B)
[0808/230258.272:ERROR:process_memory_win.cc(73)] ReadMemory at 0x2251e3d42f0 of 132 bytes failed: Only part of a ReadProcessMemory or WriteProcessMemory request was completed. (0x12B)
[0808/230258.272:ERROR:process_memory_win.cc(73)] ReadMemory at 0x2251e3d4420 of 132 bytes failed: Only part of a ReadProcessMemory or WriteProcessMemory request was completed. (0x12B)
[0808/230258.272:ERROR:process_memory_win.cc(73)] ReadMemory at 0x2251e3d4550 of 132 bytes failed: Only part of a ReadProcessMemory or WriteProcessMemory request was completed. (0x12B)
[0808/230258.272:ERROR:process_memory_win.cc(73)] ReadMemory at 0x2251e3d4680 of 132 bytes failed: Only part of a ReadProcessMemory or WriteProcessMemory request was completed. (0x12B)
[0808/230258.272:ERROR:process_memory_win.cc(73)] ReadMemory at 0x2251e3d47b0 of 132 bytes failed: Only part of a ReadProcessMemory or WriteProcessMemory request was completed. (0x12B)
[0808/230258.272:ERROR:process_memory_win.cc(73)] ReadMemory at 0x2251e3d48e0 of 132 bytes failed: Only part of a ReadProcessMemory or WriteProcessMemory request was completed. (0x12B)
[0808/230258.272:ERROR:process_memory_win.cc(73)] ReadMemory at 0x2251e3d4a10 of 132 bytes failed: Only part of a ReadProcessMemory or WriteProcessMemory request was completed. (0x12B)
[0808/230258.272:ERROR:process_memory_win.cc(73)] ReadMemory at 0x2251e3d4b40 of 132 bytes failed: Only part of a ReadProcessMemory or WriteProcessMemory request was completed. (0x12B)
[0808/230258.272:ERROR:process_memory_win.cc(73)] ReadMemory at 0x2251e3d4c70 of 132 bytes failed: Only part of a ReadProcessMemory or WriteProcessMemory request was completed. (0x12B)
[0808/230258.272:ERROR:process_memory_win.cc(73)] ReadMemory at 0x2251e3d4da0 of 132 bytes failed: Only part of a ReadProcessMemory or WriteProcessMemory request was completed. (0x12B)
[0808/230258.273:ERROR:process_memory_win.cc(73)] ReadMemory at 0x2251e3d4ed0 of 132 bytes failed: Only part of a ReadProcessMemory or WriteProcessMemory request was completed. (0x12B)
[0808/230258.273:ERROR:process_memory_win.cc(73)] ReadMemory at 0x2251e3d5000 of 132 bytes failed: Only part of a ReadProcessMemory or WriteProcessMemory request was completed. (0x12B)
[0808/230258.273:ERROR:process_memory_win.cc(73)] ReadMemory at 0x2251e3d5130 of 132 bytes failed: Only part of a ReadProcessMemory or WriteProcessMemory request was completed. (0x12B)
[0808/230258.273:ERROR:process_memory_win.cc(73)] ReadMemory at 0x2251e3d5260 of 132 bytes failed: Only part of a ReadProcessMemory or WriteProcessMemory request was completed. (0x12B)
[0808/230258.273:ERROR:process_memory_win.cc(73)] ReadMemory at 0x2251e3d85a0 of 78 bytes failed: Only part of a ReadProcessMemory or WriteProcessMemory request was completed. (0x12B)
[0808/230258.273:ERROR:process_memory_win.cc(73)] ReadMemory at 0x2251e3fbeb0 of 58 bytes failed: Only part of a ReadProcessMemory or WriteProcessMemory request was completed. (0x12B)
[0808/230258.273:ERROR:process_memory_win.cc(73)] ReadMemory at 0x2251e3fbf00 of 66 bytes failed: Only part of a ReadProcessMemory or WriteProcessMemory request was completed. (0x12B)
[0808/230258.273:ERROR:process_memory_win.cc(73)] ReadMemory at 0x2251e3fc0e0 of 64 bytes failed: Only part of a ReadProcessMemory or WriteProcessMemory request was completed. (0x12B)
[0808/230258.273:ERROR:process_memory_win.cc(73)] ReadMemory at 0x2251e3fc220 of 60 bytes failed: Only part of a ReadProcessMemory or WriteProcessMemory request was completed. (0x12B)
[0808/230258.273:ERROR:process_memory_win.cc(73)] ReadMemory at 0x2251e3fc2c0 of 58 bytes failed: Only part of a ReadProcessMemory or WriteProcessMemory request was completed. (0x12B)
[0808/230258.273:ERROR:process_memory_win.cc(73)] ReadMemory at 0x2251e3fc310 of 62 bytes failed: Only part of a ReadProcessMemory or WriteProcessMemory request was completed. (0x12B)
[0808/230258.273:ERROR:process_memory_win.cc(73)] ReadMemory at 0x2251e3fc810 of 62 bytes failed: Only part of a ReadProcessMemory or WriteProcessMemory request was completed. (0x12B)
[0808/230258.274:ERROR:process_memory_win.cc(73)] ReadMemory at 0x2251e3fc9a0 of 60 bytes failed: Only part of a ReadProcessMemory or WriteProcessMemory request was completed. (0x12B)
[0808/230258.274:ERROR:process_memory_win.cc(73)] ReadMemory at 0x2251e3fcc20 of 62 bytes failed: Only part of a ReadProcessMemory or WriteProcessMemory request was completed. (0x12B)
[0808/230258.274:ERROR:process_memory_win.cc(73)] ReadMemory at 0x2251e411330 of 132 bytes failed: Only part of a ReadProcessMemory or WriteProcessMemory request was completed. (0x12B)
[0808/230258.274:ERROR:process_memory_win.cc(73)] ReadMemory at 0x2251e411590 of 132 bytes failed: Only part of a ReadProcessMemory or WriteProcessMemory request was completed. (0x12B)
[0808/230258.274:ERROR:process_memory_win.cc(73)] ReadMemory at 0x2251e411f10 of 132 bytes failed: Only part of a ReadProcessMemory or WriteProcessMemory request was completed. (0x12B)
[0808/230258.274:ERROR:process_memory_win.cc(73)] ReadMemory at 0x2251e412170 of 132 bytes failed: Only part of a ReadProcessMemory or WriteProcessMemory request was completed. (0x12B)
[0808/230258.274:ERROR:process_memory_win.cc(73)] ReadMemory at 0x2251e4123d0 of 132 bytes failed: Only part of a ReadProcessMemory or WriteProcessMemory request was completed. (0x12B)
[0808/230258.274:ERROR:process_memory_win.cc(73)] ReadMemory at 0x2251e412500 of 132 bytes failed: Only part of a ReadProcessMemory or WriteProcessMemory request was completed. (0x12B)
[0808/230258.274:ERROR:process_memory_win.cc(73)] ReadMemory at 0x2251e4129c0 of 132 bytes failed: Only part of a ReadProcessMemory or WriteProcessMemory request was completed. (0x12B)
[0808/230258.274:ERROR:process_memory_win.cc(73)] ReadMemory at 0x2251e4359d0 of 66 bytes failed: Only part of a ReadProcessMemory or WriteProcessMemory request was completed. (0x12B)
[0808/230258.274:ERROR:process_memory_win.cc(73)] ReadMemory at 0x2251e473a90 of 60 bytes failed: Only part of a ReadProcessMemory or WriteProcessMemory request was completed. (0x12B)
[0808/230258.275:ERROR:process_memory_win.cc(73)] ReadMemory at 0x2251e473f90 of 66 bytes failed: Only part of a ReadProcessMemory or WriteProcessMemory request was completed. (0x12B)
[0808/230258.275:ERROR:process_memory_win.cc(73)] ReadMemory at 0x2251e474080 of 60 bytes failed: Only part of a ReadProcessMemory or WriteProcessMemory request was completed. (0x12B)
[0808/230258.275:ERROR:process_memory_win.cc(73)] ReadMemory at 0x2251e47f930 of 62 bytes failed: Only part of a ReadProcessMemory or WriteProcessMemory request was completed. (0x12B)
[0808/230258.275:ERROR:process_memory_win.cc(73)] ReadMemory at 0x22520010ee0 of 62 bytes failed: Only part of a ReadProcessMemory or WriteProcessMemory request was completed. (0x12B)
[0808/230258.275:ERROR:process_memory_win.cc(73)] ReadMemory at 0x22520010f80 of 64 bytes failed: Only part of a ReadProcessMemory or WriteProcessMemory request was completed. (0x12B)
[0808/230258.275:ERROR:process_memory_win.cc(73)] ReadMemory at 0x2252004b2c0 of 132 bytes failed: Only part of a ReadProcessMemory or WriteProcessMemory request was completed. (0x12B)
[0808/230258.275:ERROR:process_memory_win.cc(73)] ReadMemory at 0x2252004b9e0 of 132 bytes failed: Only part of a ReadProcessMemory or WriteProcessMemory request was completed. (0x12B)
[0808/230258.275:ERROR:process_memory_win.cc(73)] ReadMemory at 0x2252004c100 of 132 bytes failed: Only part of a ReadProcessMemory or WriteProcessMemory request was completed. (0x12B)
[0808/230258.275:ERROR:process_memory_win.cc(73)] ReadMemory at 0x2252004fc90 of 64 bytes failed: Only part of a ReadProcessMemory or WriteProcessMemory request was completed. (0x12B)
[0808/230258.275:ERROR:process_memory_win.cc(73)] ReadMemory at 0x225200512c0 of 60 bytes failed: Only part of a ReadProcessMemory or WriteProcessMemory request was completed. (0x12B)
[0808/230258.275:ERROR:process_memory_win.cc(73)] ReadMemory at 0x22520052a80 of 58 bytes failed: Only part of a ReadProcessMemory or WriteProcessMemory request was completed. (0x12B)
[0808/230258.276:ERROR:process_memory_win.cc(73)] ReadMemory at 0x7fff5c100000 of 384 bytes failed: Only part of a ReadProcessMemory or WriteProcessMemory request was completed. (0x12B)
[0808/230258.276:ERROR:process_memory_win.cc(73)] ReadMemory at 0x7fff5c7acb08 of 512 bytes failed: Only part of a ReadProcessMemory or WriteProcessMemory request was completed. (0x12B)
[0808/230258.276:ERROR:process_memory_win.cc(73)] ReadMemory at 0x7fff629754f4 of 512 bytes failed: Only part of a ReadProcessMemory or WriteProcessMemory request was completed. (0x12B)
[0808/230258.276:ERROR:process_memory_win.cc(73)] ReadMemory at 0x7fffa965c6d0 of 512 bytes failed: Only part of a ReadProcessMemory or WriteProcessMemory request was completed. (0x12B)
[0808/230258.276:ERROR:process_memory_win.cc(73)] ReadMemory at 0x7fffac08c490 of 512 bytes failed: Only part of a ReadProcessMemory or WriteProcessMemory request was completed. (0x12B)
[0808/230258.276:ERROR:process_memory_win.cc(73)] ReadMemory at 0x7fffac09c674 of 512 bytes failed: Only part of a ReadProcessMemory or WriteProcessMemory request was completed. (0x12B)
[0808/230258.276:ERROR:process_memory_win.cc(73)] ReadMemory at 0x7fffac12c428 of 18 bytes failed: Only part of a ReadProcessMemory or WriteProcessMemory request was completed. (0x12B)
[0808/230258.276:ERROR:process_memory_win.cc(73)] ReadMemory at 0x7fffac15f4f8 of 40 bytes failed: Only part of a ReadProcessMemory or WriteProcessMemory request was completed. (0x12B)
[0808/230258.276:ERROR:process_memory_win.cc(73)] ReadMemory at 0x7fffac15f978 of 48 bytes failed: Only part of a ReadProcessMemory or WriteProcessMemory request was completed. (0x12B)
[0808/230258.276:ERROR:process_memory_win.cc(73)] ReadMemory at 0x7fffac1653c0 of 64 bytes failed: Only part of a ReadProcessMemory or WriteProcessMemory request was completed. (0x12B)
[0808/230258.278:ERROR:scoped_process_suspend.cc(40)] NtResumeProcess: An attempt was made to access an exiting process. (0xc000010a)
